2:44:07 PM  [main] 	Initializing Control Panel
2:44:07 PM  [main] 	Windows Version: Windows 7 Professional SP1 64-bit
2:44:07 PM  [main] 	XAMPP Version: 5.6.24
2:44:07 PM  [main] 	Control Panel Version: 3.2.2  [ Compiled: Nov 12th 2015 ]
2:44:07 PM  [main] 	You are not running with administrator rights! This will work for
2:44:07 PM  [main] 	most application stuff but whenever you do something with services
2:44:07 PM  [main] 	there will be a security dialogue or things will break! So think 
2:44:07 PM  [main] 	about running this application with administrator rights!
2:44:07 PM  [main] 	XAMPP Installation Directory: "d:\xampp\"
2:44:08 PM  [main] 	Checking for prerequisites
2:44:08 PM  [main] 	All prerequisites found
2:44:08 PM  [main] 	Initializing Modules
2:44:08 PM  [main] 	Starting Check-Timer
2:44:08 PM  [main] 	Control Panel Ready
2:44:11 PM  [Apache] 	Attempting to start Apache app...
2:44:11 PM  [Apache] 	Status change detected: running
2:44:12 PM  [mysql] 	Attempting to start MySQL app...
2:44:13 PM  [mysql] 	Status change detected: running
2:44:34 PM  [main] 	Deinitializing Modules
2:44:34 PM  [main] 	Deinitializing Control Panel

3:33:28 PM  [main] 	Initializing Control Panel
3:33:28 PM  [main] 	Windows Version: Windows 7 Professional SP1 64-bit
3:33:28 PM  [main] 	XAMPP Version: 5.6.24
3:33:28 PM  [main] 	Control Panel Version: 3.2.2  [ Compiled: Nov 12th 2015 ]
3:33:28 PM  [main] 	You are not running with administrator rights! This will work for
3:33:28 PM  [main] 	most application stuff but whenever you do something with services
3:33:28 PM  [main] 	there will be a security dialogue or things will break! So think 
3:33:28 PM  [main] 	about running this application with administrator rights!
3:33:28 PM  [main] 	XAMPP Installation Directory: "d:\xampp\"
3:33:28 PM  [main] 	Checking for prerequisites
3:33:28 PM  [main] 	All prerequisites found
3:33:28 PM  [main] 	Initializing Modules
3:33:28 PM  [Apache] 	XAMPP Apache is already running on port 80
3:33:28 PM  [Apache] 	XAMPP Apache is already running on port 443
3:33:28 PM  [mysql] 	XAMPP MySQL is already running on port 3306
3:33:28 PM  [main] 	Starting Check-Timer
3:33:28 PM  [main] 	Control Panel Ready
3:33:30 PM  [Apache] 	Attempting to stop Apache (PID: 6072)
3:33:30 PM  [Apache] 	Attempting to stop Apache (PID: 5448)
3:33:30 PM  [Apache] 	Status change detected: stopped
3:33:30 PM  [Apache] 	Attempting to start Apache app...
3:33:31 PM  [Apache] 	Status change detected: running
3:33:32 PM  [main] 	Deinitializing Modules
3:33:32 PM  [main] 	Deinitializing Control Panel

3:30:20 PM  [main] 	Initializing Control Panel
3:30:20 PM  [main] 	Windows Version: Windows 7 Professional SP1 64-bit
3:30:20 PM  [main] 	XAMPP Version: 5.6.24
3:30:20 PM  [main] 	Control Panel Version: 3.2.2  [ Compiled: Nov 12th 2015 ]
3:30:20 PM  [main] 	You are not running with administrator rights! This will work for
3:30:20 PM  [main] 	most application stuff but whenever you do something with services
3:30:20 PM  [main] 	there will be a security dialogue or things will break! So think 
3:30:20 PM  [main] 	about running this application with administrator rights!
3:30:20 PM  [main] 	XAMPP Installation Directory: "d:\xampp\"
3:30:20 PM  [main] 	Checking for prerequisites
3:30:20 PM  [main] 	All prerequisites found
3:30:20 PM  [main] 	Initializing Modules
3:30:20 PM  [Apache] 	XAMPP Apache is already running on port 80
3:30:20 PM  [Apache] 	XAMPP Apache is already running on port 443
3:30:20 PM  [mysql] 	XAMPP MySQL is already running on port 3306
3:30:20 PM  [main] 	Starting Check-Timer
3:30:20 PM  [main] 	Control Panel Ready
3:30:22 PM  [Apache] 	Attempting to stop Apache (PID: 344)
3:30:22 PM  [Apache] 	Attempting to stop Apache (PID: 2024)
3:30:22 PM  [Apache] 	Status change detected: stopped
3:30:23 PM  [Apache] 	Attempting to start Apache app...
3:30:23 PM  [Apache] 	Status change detected: running
3:33:30 PM  [Apache] 	Status change detected: stopped
3:33:30 PM  [Apache] 	Error: Apache shutdown unexpectedly.
3:33:30 PM  [Apache] 	This may be due to a blocked port, missing dependencies, 
3:33:30 PM  [Apache] 	improper privileges, a crash, or a shutdown by another method.
3:33:30 PM  [Apache] 	Press the Logs button to view error logs and check
3:33:30 PM  [Apache] 	the Windows Event Viewer for more clues
3:33:30 PM  [Apache] 	If you need more help, copy and post this
3:33:30 PM  [Apache] 	entire log window on the forums
3:33:31 PM  [Apache] 	Status change detected: running
3:37:40 PM  [Apache] 	Attempting to stop Apache (PID: 2480)
3:37:40 PM  [Apache] 	Attempting to stop Apache (PID: 4148)
3:37:41 PM  [Apache] 	Status change detected: stopped
3:37:41 PM  [Apache] 	Attempting to start Apache app...
3:37:42 PM  [Apache] 	Status change detected: running
3:37:42 PM  [main] 	Deinitializing Modules
3:37:42 PM  [main] 	Deinitializing Control Panel

4:26:15 PM  [main] 	Initializing Control Panel
4:26:15 PM  [main] 	Windows Version: Windows 7 Professional SP1 64-bit
4:26:15 PM  [main] 	XAMPP Version: 5.6.24
4:26:15 PM  [main] 	Control Panel Version: 3.2.2  [ Compiled: Nov 12th 2015 ]
4:26:15 PM  [main] 	You are not running with administrator rights! This will work for
4:26:15 PM  [main] 	most application stuff but whenever you do something with services
4:26:15 PM  [main] 	there will be a security dialogue or things will break! So think 
4:26:15 PM  [main] 	about running this application with administrator rights!
4:26:15 PM  [main] 	XAMPP Installation Directory: "d:\xampp\"
4:26:15 PM  [main] 	Checking for prerequisites
4:26:15 PM  [main] 	All prerequisites found
4:26:15 PM  [main] 	Initializing Modules
4:26:15 PM  [main] 	Starting Check-Timer
4:26:15 PM  [main] 	Control Panel Ready
4:26:17 PM  [Apache] 	Attempting to start Apache app...
4:26:17 PM  [Apache] 	Status change detected: running
4:26:17 PM  [mysql] 	Attempting to start MySQL app...
4:26:20 PM  [mysql] 	Status change detected: running
4:26:21 PM  [main] 	Deinitializing Modules
4:26:21 PM  [main] 	Deinitializing Control Panel

5:00:13 PM  [main] 	Initializing Control Panel
5:00:13 PM  [main] 	Windows Version: Windows 7 Professional SP1 64-bit
5:00:13 PM  [main] 	XAMPP Version: 5.6.24
5:00:13 PM  [main] 	Control Panel Version: 3.2.2  [ Compiled: Nov 12th 2015 ]
5:00:13 PM  [main] 	You are not running with administrator rights! This will work for
5:00:13 PM  [main] 	most application stuff but whenever you do something with services
5:00:13 PM  [main] 	there will be a security dialogue or things will break! So think 
5:00:13 PM  [main] 	about running this application with administrator rights!
5:00:13 PM  [main] 	XAMPP Installation Directory: "d:\xampp\"
5:00:13 PM  [main] 	Checking for prerequisites
5:00:13 PM  [main] 	All prerequisites found
5:00:13 PM  [main] 	Initializing Modules
5:00:13 PM  [Apache] 	Problem detected!
5:00:13 PM  [Apache] 	Port 80 in use by "Unable to open process" with PID 4684!
5:00:13 PM  [Apache] 	Apache WILL NOT start without the configured ports free!
5:00:13 PM  [Apache] 	You need to uninstall/disable/reconfigure the blocking application
5:00:13 PM  [Apache] 	or reconfigure Apache and the Control Panel to listen on a different port
5:00:13 PM  [Apache] 	Problem detected!
5:00:13 PM  [Apache] 	Port 443 in use by "Unable to open process" with PID 4684!
5:00:13 PM  [Apache] 	Apache WILL NOT start without the configured ports free!
5:00:13 PM  [Apache] 	You need to uninstall/disable/reconfigure the blocking application
5:00:13 PM  [Apache] 	or reconfigure Apache and the Control Panel to listen on a different port
5:00:13 PM  [mysql] 	Problem detected!
5:00:13 PM  [mysql] 	Port 3306 in use by "Unable to open process"!
5:00:13 PM  [mysql] 	MySQL WILL NOT start without the configured ports free!
5:00:13 PM  [mysql] 	You need to uninstall/disable/reconfigure the blocking application
5:00:13 PM  [mysql] 	or reconfigure MySQL and the Control Panel to listen on a different port
5:00:13 PM  [main] 	Starting Check-Timer
5:00:13 PM  [main] 	Control Panel Ready
5:00:14 PM  [Apache] 	Problem detected!
5:00:14 PM  [Apache] 	Port 80 in use by "Unable to open process" with PID 4684!
5:00:14 PM  [Apache] 	Apache WILL NOT start without the configured ports free!
5:00:14 PM  [Apache] 	You need to uninstall/disable/reconfigure the blocking application
5:00:14 PM  [Apache] 	or reconfigure Apache and the Control Panel to listen on a different port
5:00:14 PM  [Apache] 	Problem detected!
5:00:14 PM  [Apache] 	Port 443 in use by "Unable to open process" with PID 4684!
5:00:14 PM  [Apache] 	Apache WILL NOT start without the configured ports free!
5:00:14 PM  [Apache] 	You need to uninstall/disable/reconfigure the blocking application
5:00:14 PM  [Apache] 	or reconfigure Apache and the Control Panel to listen on a different port
5:00:14 PM  [Apache] 	Attempting to start Apache app...
5:00:15 PM  [Apache] 	Status change detected: running
5:00:15 PM  [Apache] 	Status change detected: stopped
5:00:15 PM  [Apache] 	Error: Apache shutdown unexpectedly.
5:00:15 PM  [Apache] 	This may be due to a blocked port, missing dependencies, 
5:00:15 PM  [Apache] 	improper privileges, a crash, or a shutdown by another method.
5:00:15 PM  [Apache] 	Press the Logs button to view error logs and check
5:00:15 PM  [Apache] 	the Windows Event Viewer for more clues
5:00:15 PM  [Apache] 	If you need more help, copy and post this
5:00:15 PM  [Apache] 	entire log window on the forums
5:00:17 PM  [mysql] 	Problem detected!
5:00:17 PM  [mysql] 	Port 3306 in use by "Unable to open process"!
5:00:17 PM  [mysql] 	MySQL WILL NOT start without the configured ports free!
5:00:17 PM  [mysql] 	You need to uninstall/disable/reconfigure the blocking application
5:00:17 PM  [mysql] 	or reconfigure MySQL and the Control Panel to listen on a different port
5:00:17 PM  [mysql] 	Attempting to start MySQL app...
5:00:36 PM  [main] 	Deinitializing Modules
5:00:36 PM  [main] 	Deinitializing Control Panel

4:59:58 PM  [main] 	Initializing Control Panel
4:59:58 PM  [main] 	Windows Version: Windows 7 Professional SP1 64-bit
4:59:58 PM  [main] 	XAMPP Version: 5.6.24
4:59:58 PM  [main] 	Control Panel Version: 3.2.2  [ Compiled: Nov 12th 2015 ]
4:59:58 PM  [main] 	You are not running with administrator rights! This will work for
4:59:58 PM  [main] 	most application stuff but whenever you do something with services
4:59:58 PM  [main] 	there will be a security dialogue or things will break! So think 
4:59:58 PM  [main] 	about running this application with administrator rights!
4:59:58 PM  [main] 	XAMPP Installation Directory: "d:\xampp\"
4:59:58 PM  [main] 	Checking for prerequisites
4:59:58 PM  [main] 	All prerequisites found
4:59:58 PM  [main] 	Initializing Modules
4:59:58 PM  [Apache] 	Problem detected!
4:59:58 PM  [Apache] 	Port 80 in use by "Unable to open process" with PID 4684!
4:59:58 PM  [Apache] 	Apache WILL NOT start without the configured ports free!
4:59:58 PM  [Apache] 	You need to uninstall/disable/reconfigure the blocking application
4:59:58 PM  [Apache] 	or reconfigure Apache and the Control Panel to listen on a different port
4:59:58 PM  [Apache] 	Problem detected!
4:59:58 PM  [Apache] 	Port 443 in use by "Unable to open process" with PID 4684!
4:59:58 PM  [Apache] 	Apache WILL NOT start without the configured ports free!
4:59:58 PM  [Apache] 	You need to uninstall/disable/reconfigure the blocking application
4:59:58 PM  [Apache] 	or reconfigure Apache and the Control Panel to listen on a different port
4:59:58 PM  [mysql] 	Problem detected!
4:59:58 PM  [mysql] 	Port 3306 in use by "Unable to open process"!
4:59:58 PM  [mysql] 	MySQL WILL NOT start without the configured ports free!
4:59:58 PM  [mysql] 	You need to uninstall/disable/reconfigure the blocking application
4:59:58 PM  [mysql] 	or reconfigure MySQL and the Control Panel to listen on a different port
4:59:58 PM  [main] 	Starting Check-Timer
4:59:58 PM  [main] 	Control Panel Ready
5:00:00 PM  [Apache] 	Problem detected!
5:00:00 PM  [Apache] 	Port 80 in use by "Unable to open process" with PID 4684!
5:00:00 PM  [Apache] 	Apache WILL NOT start without the configured ports free!
5:00:00 PM  [Apache] 	You need to uninstall/disable/reconfigure the blocking application
5:00:00 PM  [Apache] 	or reconfigure Apache and the Control Panel to listen on a different port
5:00:00 PM  [Apache] 	Problem detected!
5:00:00 PM  [Apache] 	Port 443 in use by "Unable to open process" with PID 4684!
5:00:00 PM  [Apache] 	Apache WILL NOT start without the configured ports free!
5:00:00 PM  [Apache] 	You need to uninstall/disable/reconfigure the blocking application
5:00:00 PM  [Apache] 	or reconfigure Apache and the Control Panel to listen on a different port
5:00:00 PM  [Apache] 	Attempting to start Apache app...
5:00:00 PM  [Apache] 	Status change detected: running
5:00:00 PM  [Apache] 	Status change detected: stopped
5:00:00 PM  [Apache] 	Error: Apache shutdown unexpectedly.
5:00:00 PM  [Apache] 	This may be due to a blocked port, missing dependencies, 
5:00:00 PM  [Apache] 	improper privileges, a crash, or a shutdown by another method.
5:00:00 PM  [Apache] 	Press the Logs button to view error logs and check
5:00:00 PM  [Apache] 	the Windows Event Viewer for more clues
5:00:00 PM  [Apache] 	If you need more help, copy and post this
5:00:00 PM  [Apache] 	entire log window on the forums
5:00:01 PM  [mysql] 	Problem detected!
5:00:01 PM  [mysql] 	Port 3306 in use by "Unable to open process"!
5:00:01 PM  [mysql] 	MySQL WILL NOT start without the configured ports free!
5:00:01 PM  [mysql] 	You need to uninstall/disable/reconfigure the blocking application
5:00:01 PM  [mysql] 	or reconfigure MySQL and the Control Panel to listen on a different port
5:00:01 PM  [mysql] 	Attempting to start MySQL app...
5:00:04 PM  [Apache] 	Problem detected!
5:00:04 PM  [Apache] 	Port 80 in use by "Unable to open process" with PID 4684!
5:00:04 PM  [Apache] 	Apache WILL NOT start without the configured ports free!
5:00:04 PM  [Apache] 	You need to uninstall/disable/reconfigure the blocking application
5:00:04 PM  [Apache] 	or reconfigure Apache and the Control Panel to listen on a different port
5:00:04 PM  [Apache] 	Problem detected!
5:00:04 PM  [Apache] 	Port 443 in use by "Unable to open process" with PID 4684!
5:00:04 PM  [Apache] 	Apache WILL NOT start without the configured ports free!
5:00:04 PM  [Apache] 	You need to uninstall/disable/reconfigure the blocking application
5:00:04 PM  [Apache] 	or reconfigure Apache and the Control Panel to listen on a different port
5:00:04 PM  [Apache] 	Attempting to start Apache app...
5:00:05 PM  [Apache] 	Status change detected: running
5:00:05 PM  [Apache] 	Status change detected: stopped
5:00:05 PM  [Apache] 	Error: Apache shutdown unexpectedly.
5:00:05 PM  [Apache] 	This may be due to a blocked port, missing dependencies, 
5:00:05 PM  [Apache] 	improper privileges, a crash, or a shutdown by another method.
5:00:05 PM  [Apache] 	Press the Logs button to view error logs and check
5:00:05 PM  [Apache] 	the Windows Event Viewer for more clues
5:00:05 PM  [Apache] 	If you need more help, copy and post this
5:00:05 PM  [Apache] 	entire log window on the forums
5:00:06 PM  [Apache] 	Problem detected!
5:00:06 PM  [Apache] 	Port 80 in use by "Unable to open process" with PID 4684!
5:00:06 PM  [Apache] 	Apache WILL NOT start without the configured ports free!
5:00:06 PM  [Apache] 	You need to uninstall/disable/reconfigure the blocking application
5:00:06 PM  [Apache] 	or reconfigure Apache and the Control Panel to listen on a different port
5:00:06 PM  [Apache] 	Problem detected!
5:00:06 PM  [Apache] 	Port 443 in use by "Unable to open process" with PID 4684!
5:00:06 PM  [Apache] 	Apache WILL NOT start without the configured ports free!
5:00:06 PM  [Apache] 	You need to uninstall/disable/reconfigure the blocking application
5:00:06 PM  [Apache] 	or reconfigure Apache and the Control Panel to listen on a different port
5:00:06 PM  [Apache] 	Attempting to start Apache app...
5:00:07 PM  [Apache] 	Status change detected: running
5:00:07 PM  [Apache] 	Status change detected: stopped
5:00:07 PM  [Apache] 	Error: Apache shutdown unexpectedly.
5:00:07 PM  [Apache] 	This may be due to a blocked port, missing dependencies, 
5:00:07 PM  [Apache] 	improper privileges, a crash, or a shutdown by another method.
5:00:07 PM  [Apache] 	Press the Logs button to view error logs and check
5:00:07 PM  [Apache] 	the Windows Event Viewer for more clues
5:00:07 PM  [Apache] 	If you need more help, copy and post this
5:00:07 PM  [Apache] 	entire log window on the forums
5:00:15 PM  [Apache] 	Status change detected: running
5:00:15 PM  [Apache] 	Status change detected: stopped
5:00:15 PM  [Apache] 	Error: Apache shutdown unexpectedly.
5:00:15 PM  [Apache] 	This may be due to a blocked port, missing dependencies, 
5:00:15 PM  [Apache] 	improper privileges, a crash, or a shutdown by another method.
5:00:15 PM  [Apache] 	Press the Logs button to view error logs and check
5:00:15 PM  [Apache] 	the Windows Event Viewer for more clues
5:00:15 PM  [Apache] 	If you need more help, copy and post this
5:00:15 PM  [Apache] 	entire log window on the forums
5:00:36 PM  [main] 	Deinitializing Modules
5:00:36 PM  [main] 	Deinitializing Control Panel

5:02:17 PM  [main] 	Initializing Control Panel
5:02:17 PM  [main] 	Windows Version: Windows 7 Professional SP1 64-bit
5:02:17 PM  [main] 	XAMPP Version: 5.6.24
5:02:17 PM  [main] 	Control Panel Version: 3.2.2  [ Compiled: Nov 12th 2015 ]
5:02:17 PM  [main] 	You are not running with administrator rights! This will work for
5:02:17 PM  [main] 	most application stuff but whenever you do something with services
5:02:17 PM  [main] 	there will be a security dialogue or things will break! So think 
5:02:17 PM  [main] 	about running this application with administrator rights!
5:02:17 PM  [main] 	XAMPP Installation Directory: "d:\xampp\"
5:02:17 PM  [main] 	Checking for prerequisites
5:02:17 PM  [main] 	All prerequisites found
5:02:17 PM  [main] 	Initializing Modules
5:02:17 PM  [Apache] 	XAMPP Apache is already running on port 80
5:02:17 PM  [Apache] 	XAMPP Apache is already running on port 443
5:02:17 PM  [mysql] 	XAMPP MySQL is already running on port 3306
5:02:17 PM  [main] 	Starting Check-Timer
5:02:17 PM  [main] 	Control Panel Ready
5:02:21 PM  [Apache] 	XAMPP Apache is already running on port 80
5:02:21 PM  [Apache] 	XAMPP Apache is already running on port 443
5:02:21 PM  [Apache] 	Attempting to start Apache service...
5:02:26 PM  [Apache] 	There may be an error, return code: 1223 - The operation was canceled by the user.
5:02:27 PM  [main] 	Deinitializing Modules
5:02:27 PM  [main] 	Deinitializing Control Panel

5:01:47 PM  [main] 	Initializing Control Panel
5:01:47 PM  [main] 	Windows Version: Windows 7 Professional SP1 64-bit
5:01:47 PM  [main] 	XAMPP Version: 5.6.24
5:01:47 PM  [main] 	Control Panel Version: 3.2.2  [ Compiled: Nov 12th 2015 ]
5:01:47 PM  [main] 	Running with Administrator rights - good!
5:01:47 PM  [main] 	XAMPP Installation Directory: "d:\xampp\"
5:01:47 PM  [main] 	Checking for prerequisites
5:01:47 PM  [main] 	All prerequisites found
5:01:47 PM  [main] 	Initializing Modules
5:01:47 PM  [Apache] 	Problem detected!
5:01:47 PM  [Apache] 	Port 80 in use by "Unable to open process" with PID 4684!
5:01:47 PM  [Apache] 	Apache WILL NOT start without the configured ports free!
5:01:47 PM  [Apache] 	You need to uninstall/disable/reconfigure the blocking application
5:01:47 PM  [Apache] 	or reconfigure Apache and the Control Panel to listen on a different port
5:01:47 PM  [Apache] 	Problem detected!
5:01:47 PM  [Apache] 	Port 443 in use by "Unable to open process" with PID 4684!
5:01:47 PM  [Apache] 	Apache WILL NOT start without the configured ports free!
5:01:47 PM  [Apache] 	You need to uninstall/disable/reconfigure the blocking application
5:01:47 PM  [Apache] 	or reconfigure Apache and the Control Panel to listen on a different port
5:01:47 PM  [mysql] 	Problem detected!
5:01:47 PM  [mysql] 	Port 3306 in use by "Unable to open process"!
5:01:47 PM  [mysql] 	MySQL WILL NOT start without the configured ports free!
5:01:47 PM  [mysql] 	You need to uninstall/disable/reconfigure the blocking application
5:01:47 PM  [mysql] 	or reconfigure MySQL and the Control Panel to listen on a different port
5:01:47 PM  [main] 	Starting Check-Timer
5:01:47 PM  [main] 	Control Panel Ready
5:01:50 PM  [Apache] 	Installing service...
5:01:51 PM  [Apache] 	Successful!
5:01:52 PM  [mysql] 	Installing service...
5:01:52 PM  [mysql] 	Successful!
5:01:53 PM  [Apache] 	Problem detected!
5:01:53 PM  [Apache] 	Port 80 in use by "Unable to open process" with PID 4684!
5:01:53 PM  [Apache] 	Apache WILL NOT start without the configured ports free!
5:01:53 PM  [Apache] 	You need to uninstall/disable/reconfigure the blocking application
5:01:53 PM  [Apache] 	or reconfigure Apache and the Control Panel to listen on a different port
5:01:53 PM  [Apache] 	Problem detected!
5:01:53 PM  [Apache] 	Port 443 in use by "Unable to open process" with PID 4684!
5:01:53 PM  [Apache] 	Apache WILL NOT start without the configured ports free!
5:01:53 PM  [Apache] 	You need to uninstall/disable/reconfigure the blocking application
5:01:53 PM  [Apache] 	or reconfigure Apache and the Control Panel to listen on a different port
5:01:53 PM  [Apache] 	Attempting to start Apache service...
5:01:59 PM  [mysql] 	Problem detected!
5:01:59 PM  [mysql] 	Port 3306 in use by "Unable to open process"!
5:01:59 PM  [mysql] 	MySQL WILL NOT start without the configured ports free!
5:01:59 PM  [mysql] 	You need to uninstall/disable/reconfigure the blocking application
5:01:59 PM  [mysql] 	or reconfigure MySQL and the Control Panel to listen on a different port
5:01:59 PM  [mysql] 	Attempting to start MySQL service...
5:01:59 PM  [mysql] 	Status change detected: running
5:02:04 PM  [mysql] 	Status change detected: stopped
5:02:04 PM  [mysql] 	Error: MySQL shutdown unexpectedly.
5:02:04 PM  [mysql] 	This may be due to a blocked port, missing dependencies, 
5:02:04 PM  [mysql] 	improper privileges, a crash, or a shutdown by another method.
5:02:04 PM  [mysql] 	Press the Logs button to view error logs and check
5:02:04 PM  [mysql] 	the Windows Event Viewer for more clues
5:02:04 PM  [mysql] 	If you need more help, copy and post this
5:02:04 PM  [mysql] 	entire log window on the forums
5:02:52 PM  [main] 	Deinitializing Modules
5:02:52 PM  [main] 	Deinitializing Control Panel

5:01:41 PM  [main] 	Initializing Control Panel
5:01:41 PM  [main] 	Windows Version: Windows 7 Professional SP1 64-bit
5:01:41 PM  [main] 	XAMPP Version: 5.6.24
5:01:41 PM  [main] 	Control Panel Version: 3.2.2  [ Compiled: Nov 12th 2015 ]
5:01:41 PM  [main] 	You are not running with administrator rights! This will work for
5:01:41 PM  [main] 	most application stuff but whenever you do something with services
5:01:41 PM  [main] 	there will be a security dialogue or things will break! So think 
5:01:41 PM  [main] 	about running this application with administrator rights!
5:01:41 PM  [main] 	XAMPP Installation Directory: "d:\xampp\"
5:01:41 PM  [main] 	Checking for prerequisites
5:01:42 PM  [main] 	All prerequisites found
5:01:42 PM  [main] 	Initializing Modules
5:01:42 PM  [Apache] 	Problem detected!
5:01:42 PM  [Apache] 	Port 80 in use by "Unable to open process" with PID 4684!
5:01:42 PM  [Apache] 	Apache WILL NOT start without the configured ports free!
5:01:42 PM  [Apache] 	You need to uninstall/disable/reconfigure the blocking application
5:01:42 PM  [Apache] 	or reconfigure Apache and the Control Panel to listen on a different port
5:01:42 PM  [Apache] 	Problem detected!
5:01:42 PM  [Apache] 	Port 443 in use by "Unable to open process" with PID 4684!
5:01:42 PM  [Apache] 	Apache WILL NOT start without the configured ports free!
5:01:42 PM  [Apache] 	You need to uninstall/disable/reconfigure the blocking application
5:01:42 PM  [Apache] 	or reconfigure Apache and the Control Panel to listen on a different port
5:01:42 PM  [mysql] 	Problem detected!
5:01:42 PM  [mysql] 	Port 3306 in use by "Unable to open process"!
5:01:42 PM  [mysql] 	MySQL WILL NOT start without the configured ports free!
5:01:42 PM  [mysql] 	You need to uninstall/disable/reconfigure the blocking application
5:01:42 PM  [mysql] 	or reconfigure MySQL and the Control Panel to listen on a different port
5:01:42 PM  [main] 	Starting Check-Timer
5:01:42 PM  [main] 	Control Panel Ready
5:02:52 PM  [main] 	Deinitializing Modules
5:02:52 PM  [main] 	Deinitializing Control Panel

4:54:05 PM  [main] 	Initializing Control Panel
4:54:05 PM  [main] 	Windows Version: Windows 7 Professional SP1 64-bit
4:54:05 PM  [main] 	XAMPP Version: 5.6.24
4:54:05 PM  [main] 	Control Panel Version: 3.2.2  [ Compiled: Nov 12th 2015 ]
4:54:05 PM  [main] 	You are not running with administrator rights! This will work for
4:54:05 PM  [main] 	most application stuff but whenever you do something with services
4:54:05 PM  [main] 	there will be a security dialogue or things will break! So think 
4:54:05 PM  [main] 	about running this application with administrator rights!
4:54:05 PM  [main] 	XAMPP Installation Directory: "d:\xampp\"
4:54:05 PM  [main] 	Checking for prerequisites
4:54:05 PM  [main] 	All prerequisites found
4:54:05 PM  [main] 	Initializing Modules
4:54:05 PM  [Apache] 	XAMPP Apache is already running on port 80
4:54:05 PM  [Apache] 	XAMPP Apache is already running on port 443
4:54:05 PM  [mysql] 	XAMPP MySQL is already running on port 3306
4:54:05 PM  [main] 	Starting Check-Timer
4:54:05 PM  [main] 	Control Panel Ready
4:54:06 PM  [Apache] 	Attempting to stop Apache (PID: 4064)
4:54:06 PM  [Apache] 	Attempting to stop Apache (PID: 1228)
4:54:07 PM  [Apache] 	Status change detected: stopped
4:54:07 PM  [Apache] 	Attempting to start Apache app...
4:54:16 PM  [Apache] 	Attempting to start Apache app...
4:54:26 PM  [Apache] 	Attempting to start Apache app...
4:54:26 PM  [Apache] 	Status change detected: running
4:55:47 PM  [Apache] 	Attempting to stop Apache (PID: 5932)
4:55:47 PM  [Apache] 	Attempting to stop Apache (PID: 5844)
4:55:48 PM  [Apache] 	Status change detected: stopped
4:55:48 PM  [Apache] 	Attempting to start Apache app...
4:55:49 PM  [Apache] 	Status change detected: running
4:56:33 PM  [Apache] 	Attempting to stop Apache (PID: 5344)
4:56:33 PM  [Apache] 	Attempting to stop Apache (PID: 5160)
4:56:33 PM  [Apache] 	Status change detected: stopped
4:56:33 PM  [Apache] 	Attempting to start Apache app...
4:56:34 PM  [Apache] 	Status change detected: running
5:03:08 PM  [Apache] 	Attempting to stop Apache (PID: 4684)
5:03:08 PM  [Apache] 	Attempting to stop Apache (PID: 5268)
5:03:09 PM  [Apache] 	Status change detected: stopped
5:03:09 PM  [mysql] 	Attempting to stop MySQL app...
5:03:12 PM  [mysql] 	Status change detected: stopped
5:03:13 PM  [main] 	Deinitializing Modules
5:03:13 PM  [main] 	Deinitializing Control Panel

5:03:57 PM  [main] 	Initializing Control Panel
5:03:57 PM  [main] 	Windows Version: Windows 7 Professional SP1 64-bit
5:03:57 PM  [main] 	XAMPP Version: 5.6.24
5:03:57 PM  [main] 	Control Panel Version: 3.2.2  [ Compiled: Nov 12th 2015 ]
5:03:57 PM  [main] 	Running with Administrator rights - good!
5:03:57 PM  [main] 	XAMPP Installation Directory: "d:\xampp\"
5:03:57 PM  [main] 	Checking for prerequisites
5:03:57 PM  [main] 	All prerequisites found
5:03:57 PM  [main] 	Initializing Modules
5:03:57 PM  [main] 	Starting Check-Timer
5:03:57 PM  [main] 	Control Panel Ready
5:03:58 PM  [Apache] 	Attempting to start Apache service...
5:03:59 PM  [Apache] 	Status change detected: running
5:04:00 PM  [mysql] 	Attempting to start MySQL service...
5:04:00 PM  [mysql] 	Status change detected: running
5:04:03 PM  [main] 	Deinitializing Modules
5:04:03 PM  [main] 	Deinitializing Control Panel

5:08:09 PM  [main] 	Initializing Control Panel
5:08:09 PM  [main] 	Windows Version: Windows 7 Professional SP1 64-bit
5:08:09 PM  [main] 	XAMPP Version: 5.6.24
5:08:09 PM  [main] 	Control Panel Version: 3.2.2  [ Compiled: Nov 12th 2015 ]
5:08:09 PM  [main] 	Running with Administrator rights - good!
5:08:09 PM  [main] 	XAMPP Installation Directory: "d:\xampp\"
5:08:09 PM  [main] 	Checking for prerequisites
5:08:09 PM  [main] 	All prerequisites found
5:08:09 PM  [main] 	Initializing Modules
5:08:09 PM  [Apache] 	XAMPP Apache Service is already running on port 80
5:08:09 PM  [Apache] 	XAMPP Apache Service is already running on port 443
5:08:09 PM  [mysql] 	XAMPP MySQL Service is already running on port 3306
5:08:09 PM  [main] 	Starting Check-Timer
5:08:09 PM  [main] 	Control Panel Ready
5:08:11 PM  [Apache] 	Attempting to stop Apache service...
5:08:13 PM  [Apache] 	Status change detected: stopped
5:08:14 PM  [Apache] 	Attempting to start Apache service...
5:08:15 PM  [Apache] 	Status change detected: running
5:08:37 PM  [Apache] 	Attempting to stop Apache service...
5:08:39 PM  [Apache] 	Status change detected: stopped
5:08:40 PM  [Apache] 	Attempting to start Apache service...
5:08:41 PM  [Apache] 	Status change detected: running
5:09:04 PM  [Apache] 	Attempting to stop Apache service...
5:09:07 PM  [Apache] 	Status change detected: stopped
5:09:09 PM  [Apache] 	Attempting to start Apache service...
5:09:09 PM  [Apache] 	Status change detected: running
5:09:38 PM  [Apache] 	Attempting to stop Apache service...
5:09:40 PM  [Apache] 	Status change detected: stopped
5:09:41 PM  [Apache] 	Attempting to start Apache service...
5:09:41 PM  [Apache] 	Status change detected: running
5:09:42 PM  [main] 	Deinitializing Modules
5:09:42 PM  [main] 	Deinitializing Control Panel

5:11:35 PM  [main] 	Initializing Control Panel
5:11:35 PM  [main] 	Windows Version: Windows 7 Professional SP1 64-bit
5:11:35 PM  [main] 	XAMPP Version: 5.6.24
5:11:35 PM  [main] 	Control Panel Version: 3.2.2  [ Compiled: Nov 12th 2015 ]
5:11:35 PM  [main] 	Running with Administrator rights - good!
5:11:35 PM  [main] 	XAMPP Installation Directory: "d:\xampp\"
5:11:35 PM  [main] 	Checking for prerequisites
5:11:35 PM  [main] 	All prerequisites found
5:11:35 PM  [main] 	Initializing Modules
5:11:35 PM  [Apache] 	XAMPP Apache Service is already running on port 80
5:11:35 PM  [Apache] 	XAMPP Apache Service is already running on port 443
5:11:35 PM  [mysql] 	XAMPP MySQL Service is already running on port 3306
5:11:35 PM  [main] 	Starting Check-Timer
5:11:35 PM  [main] 	Control Panel Ready
5:11:36 PM  [Apache] 	Attempting to stop Apache service...
5:11:38 PM  [Apache] 	Status change detected: stopped
5:11:39 PM  [Apache] 	Attempting to start Apache service...
5:11:40 PM  [Apache] 	Status change detected: running
5:12:08 PM  [main] 	Deinitializing Modules
5:12:08 PM  [main] 	Deinitializing Control Panel

8:13:03 AM  [main] 	Initializing Control Panel
8:13:03 AM  [main] 	Windows Version: Windows 7 Professional SP1 64-bit
8:13:03 AM  [main] 	XAMPP Version: 5.6.24
8:13:03 AM  [main] 	Control Panel Version: 3.2.2  [ Compiled: Nov 12th 2015 ]
8:13:03 AM  [main] 	Running with Administrator rights - good!
8:13:03 AM  [main] 	XAMPP Installation Directory: "d:\xampp\"
8:13:03 AM  [main] 	Checking for prerequisites
8:13:03 AM  [main] 	All prerequisites found
8:13:03 AM  [main] 	Initializing Modules
8:13:03 AM  [Apache] 	XAMPP Apache Service is already running on port 80
8:13:03 AM  [Apache] 	XAMPP Apache Service is already running on port 443
8:13:03 AM  [mysql] 	XAMPP MySQL Service is already running on port 3306
8:13:03 AM  [main] 	Starting Check-Timer
8:13:03 AM  [main] 	Control Panel Ready
8:13:04 AM  [Apache] 	Attempting to stop Apache service...
8:13:07 AM  [Apache] 	Status change detected: stopped
8:13:08 AM  [Apache] 	Attempting to start Apache service...
8:13:08 AM  [Apache] 	Status change detected: running
8:14:10 AM  [Apache] 	Attempting to stop Apache service...
8:14:13 AM  [Apache] 	Status change detected: stopped
8:14:13 AM  [Apache] 	Attempting to start Apache service...
8:14:14 AM  [Apache] 	Status change detected: running
8:18:06 AM  [Apache] 	Attempting to stop Apache service...
8:18:08 AM  [Apache] 	Status change detected: stopped
8:18:09 AM  [Apache] 	Attempting to start Apache service...
8:18:09 AM  [Apache] 	Status change detected: running
8:20:11 AM  [Apache] 	Attempting to stop Apache service...
8:20:14 AM  [Apache] 	Status change detected: stopped
8:20:16 AM  [Apache] 	Attempting to start Apache service...
8:20:17 AM  [Apache] 	Status change detected: running
8:20:31 AM  [Apache] 	Attempting to stop Apache service...
8:20:33 AM  [Apache] 	Status change detected: stopped
8:20:34 AM  [Apache] 	Attempting to start Apache service...
8:20:34 AM  [Apache] 	Status change detected: running
8:20:54 AM  [Apache] 	Attempting to stop Apache service...
8:20:56 AM  [Apache] 	Status change detected: stopped
8:20:57 AM  [Apache] 	Attempting to start Apache service...
8:20:57 AM  [Apache] 	Status change detected: running
8:21:21 AM  [Apache] 	Attempting to stop Apache service...
8:21:23 AM  [Apache] 	Status change detected: stopped
8:21:23 AM  [Apache] 	Attempting to start Apache service...
8:21:24 AM  [Apache] 	Status change detected: running
8:21:52 AM  [Apache] 	Attempting to stop Apache service...
8:21:56 AM  [Apache] 	Status change detected: stopped
8:21:57 AM  [Apache] 	Attempting to start Apache service...
8:21:57 AM  [Apache] 	Status change detected: running
8:22:25 AM  [Apache] 	Attempting to stop Apache service...
8:22:28 AM  [Apache] 	Status change detected: stopped
8:22:29 AM  [Apache] 	Attempting to start Apache service...
8:22:29 AM  [Apache] 	Status change detected: running
8:22:54 AM  [main] 	Deinitializing Modules
8:22:54 AM  [main] 	Deinitializing Control Panel

8:24:01 AM  [main] 	Initializing Control Panel
8:24:01 AM  [main] 	Windows Version: Windows 7 Professional SP1 64-bit
8:24:01 AM  [main] 	XAMPP Version: 5.6.24
8:24:01 AM  [main] 	Control Panel Version: 3.2.2  [ Compiled: Nov 12th 2015 ]
8:24:01 AM  [main] 	Running with Administrator rights - good!
8:24:01 AM  [main] 	XAMPP Installation Directory: "d:\xampp\"
8:24:01 AM  [main] 	Checking for prerequisites
8:24:01 AM  [main] 	All prerequisites found
8:24:01 AM  [main] 	Initializing Modules
8:24:01 AM  [Apache] 	XAMPP Apache Service is already running on port 80
8:24:01 AM  [Apache] 	XAMPP Apache Service is already running on port 443
8:24:01 AM  [mysql] 	XAMPP MySQL Service is already running on port 3306
8:24:01 AM  [main] 	Starting Check-Timer
8:24:01 AM  [main] 	Control Panel Ready
8:24:03 AM  [Apache] 	Attempting to stop Apache service...
8:24:15 AM  [Apache] 	Attempting to stop Apache service...
8:24:26 AM  [main] 	Deinitializing Modules
8:24:26 AM  [main] 	Deinitializing Control Panel

9:14:42 AM  [main] 	Initializing Control Panel
9:14:42 AM  [main] 	Windows Version: Windows 7 Professional SP1 64-bit
9:14:42 AM  [main] 	XAMPP Version: 5.6.24
9:14:42 AM  [main] 	Control Panel Version: 3.2.2  [ Compiled: Nov 12th 2015 ]
9:14:42 AM  [main] 	You are not running with administrator rights! This will work for
9:14:42 AM  [main] 	most application stuff but whenever you do something with services
9:14:42 AM  [main] 	there will be a security dialogue or things will break! So think 
9:14:42 AM  [main] 	about running this application with administrator rights!
9:14:42 AM  [main] 	XAMPP Installation Directory: "d:\xampp\"
9:14:42 AM  [main] 	Checking for prerequisites
9:14:42 AM  [main] 	All prerequisites found
9:14:42 AM  [main] 	Initializing Modules
9:14:42 AM  [Apache] 	XAMPP Apache Service is already running on port 80
9:14:42 AM  [Apache] 	XAMPP Apache Service is already running on port 443
9:14:42 AM  [mysql] 	XAMPP MySQL Service is already running on port 3306
9:14:42 AM  [main] 	Starting Check-Timer
9:14:42 AM  [main] 	Control Panel Ready
9:14:44 AM  [Apache] 	Attempting to stop Apache service...
9:14:50 AM  [main] 	Deinitializing Modules
9:14:50 AM  [main] 	Deinitializing Control Panel

8:04:01 AM  [main] 	Initializing Control Panel
8:04:01 AM  [main] 	Windows Version: Windows 7 Professional SP1 64-bit
8:04:01 AM  [main] 	XAMPP Version: 5.6.24
8:04:01 AM  [main] 	Control Panel Version: 3.2.2  [ Compiled: Nov 12th 2015 ]
8:04:01 AM  [main] 	Running with Administrator rights - good!
8:04:01 AM  [main] 	XAMPP Installation Directory: "d:\xampp\"
8:04:01 AM  [main] 	Checking for prerequisites
8:04:02 AM  [main] 	All prerequisites found
8:04:02 AM  [main] 	Initializing Modules
8:04:02 AM  [Apache] 	XAMPP Apache Service is already running on port 80
8:04:02 AM  [Apache] 	XAMPP Apache Service is already running on port 443
8:04:02 AM  [mysql] 	XAMPP MySQL Service is already running on port 3306
8:04:02 AM  [main] 	Starting Check-Timer
8:04:02 AM  [main] 	Control Panel Ready
8:04:03 AM  [Apache] 	Attempting to stop Apache service...
8:04:06 AM  [Apache] 	Status change detected: stopped
8:04:07 AM  [Apache] 	Attempting to start Apache service...
8:04:08 AM  [Apache] 	Status change detected: running
8:08:44 AM  [Apache] 	Attempting to stop Apache service...
8:08:46 AM  [Apache] 	Status change detected: stopped
8:08:47 AM  [Apache] 	Attempting to start Apache service...
8:08:47 AM  [Apache] 	Status change detected: running
8:10:05 AM  [Apache] 	Attempting to stop Apache service...
8:10:08 AM  [Apache] 	Status change detected: stopped
8:10:09 AM  [Apache] 	Attempting to start Apache service...
8:10:10 AM  [Apache] 	Status change detected: running
8:11:09 AM  [Apache] 	Attempting to stop Apache service...
8:11:12 AM  [Apache] 	Status change detected: stopped
8:11:12 AM  [Apache] 	Attempting to start Apache service...
8:11:13 AM  [Apache] 	Status change detected: running
8:12:00 AM  [Apache] 	Attempting to stop Apache service...
8:12:03 AM  [Apache] 	Status change detected: stopped
8:12:03 AM  [Apache] 	Attempting to start Apache service...
8:12:04 AM  [Apache] 	Status change detected: running
8:13:07 AM  [Apache] 	Status change detected: stopped
8:13:07 AM  [Apache] 	Error: Apache shutdown unexpectedly.
8:13:07 AM  [Apache] 	This may be due to a blocked port, missing dependencies, 
8:13:07 AM  [Apache] 	improper privileges, a crash, or a shutdown by another method.
8:13:07 AM  [Apache] 	Press the Logs button to view error logs and check
8:13:07 AM  [Apache] 	the Windows Event Viewer for more clues
8:13:07 AM  [Apache] 	If you need more help, copy and post this
8:13:07 AM  [Apache] 	entire log window on the forums
8:13:08 AM  [Apache] 	Status change detected: running
8:14:12 AM  [Apache] 	Status change detected: stopped
8:14:12 AM  [Apache] 	Error: Apache shutdown unexpectedly.
8:14:12 AM  [Apache] 	This may be due to a blocked port, missing dependencies, 
8:14:12 AM  [Apache] 	improper privileges, a crash, or a shutdown by another method.
8:14:12 AM  [Apache] 	Press the Logs button to view error logs and check
8:14:12 AM  [Apache] 	the Windows Event Viewer for more clues
8:14:12 AM  [Apache] 	If you need more help, copy and post this
8:14:12 AM  [Apache] 	entire log window on the forums
8:14:14 AM  [Apache] 	Status change detected: running
8:18:08 AM  [Apache] 	Status change detected: stopped
8:18:08 AM  [Apache] 	Error: Apache shutdown unexpectedly.
8:18:08 AM  [Apache] 	This may be due to a blocked port, missing dependencies, 
8:18:08 AM  [Apache] 	improper privileges, a crash, or a shutdown by another method.
8:18:08 AM  [Apache] 	Press the Logs button to view error logs and check
8:18:08 AM  [Apache] 	the Windows Event Viewer for more clues
8:18:08 AM  [Apache] 	If you need more help, copy and post this
8:18:08 AM  [Apache] 	entire log window on the forums
8:18:09 AM  [Apache] 	Status change detected: running
8:20:14 AM  [Apache] 	Status change detected: stopped
8:20:14 AM  [Apache] 	Error: Apache shutdown unexpectedly.
8:20:14 AM  [Apache] 	This may be due to a blocked port, missing dependencies, 
8:20:14 AM  [Apache] 	improper privileges, a crash, or a shutdown by another method.
8:20:14 AM  [Apache] 	Press the Logs button to view error logs and check
8:20:14 AM  [Apache] 	the Windows Event Viewer for more clues
8:20:14 AM  [Apache] 	If you need more help, copy and post this
8:20:14 AM  [Apache] 	entire log window on the forums
8:20:17 AM  [Apache] 	Status change detected: running
8:20:33 AM  [Apache] 	Status change detected: stopped
8:20:33 AM  [Apache] 	Error: Apache shutdown unexpectedly.
8:20:33 AM  [Apache] 	This may be due to a blocked port, missing dependencies, 
8:20:33 AM  [Apache] 	improper privileges, a crash, or a shutdown by another method.
8:20:33 AM  [Apache] 	Press the Logs button to view error logs and check
8:20:33 AM  [Apache] 	the Windows Event Viewer for more clues
8:20:33 AM  [Apache] 	If you need more help, copy and post this
8:20:33 AM  [Apache] 	entire log window on the forums
8:20:34 AM  [Apache] 	Status change detected: running
8:20:56 AM  [Apache] 	Status change detected: stopped
8:20:56 AM  [Apache] 	Error: Apache shutdown unexpectedly.
8:20:56 AM  [Apache] 	This may be due to a blocked port, missing dependencies, 
8:20:56 AM  [Apache] 	improper privileges, a crash, or a shutdown by another method.
8:20:56 AM  [Apache] 	Press the Logs button to view error logs and check
8:20:56 AM  [Apache] 	the Windows Event Viewer for more clues
8:20:56 AM  [Apache] 	If you need more help, copy and post this
8:20:56 AM  [Apache] 	entire log window on the forums
8:20:57 AM  [Apache] 	Status change detected: running
8:21:23 AM  [Apache] 	Status change detected: stopped
8:21:23 AM  [Apache] 	Error: Apache shutdown unexpectedly.
8:21:23 AM  [Apache] 	This may be due to a blocked port, missing dependencies, 
8:21:23 AM  [Apache] 	improper privileges, a crash, or a shutdown by another method.
8:21:23 AM  [Apache] 	Press the Logs button to view error logs and check
8:21:23 AM  [Apache] 	the Windows Event Viewer for more clues
8:21:23 AM  [Apache] 	If you need more help, copy and post this
8:21:23 AM  [Apache] 	entire log window on the forums
8:21:24 AM  [Apache] 	Status change detected: running
8:21:56 AM  [Apache] 	Status change detected: stopped
8:21:56 AM  [Apache] 	Error: Apache shutdown unexpectedly.
8:21:56 AM  [Apache] 	This may be due to a blocked port, missing dependencies, 
8:21:56 AM  [Apache] 	improper privileges, a crash, or a shutdown by another method.
8:21:56 AM  [Apache] 	Press the Logs button to view error logs and check
8:21:56 AM  [Apache] 	the Windows Event Viewer for more clues
8:21:56 AM  [Apache] 	If you need more help, copy and post this
8:21:56 AM  [Apache] 	entire log window on the forums
8:21:58 AM  [Apache] 	Status change detected: running
8:22:28 AM  [Apache] 	Status change detected: stopped
8:22:28 AM  [Apache] 	Error: Apache shutdown unexpectedly.
8:22:28 AM  [Apache] 	This may be due to a blocked port, missing dependencies, 
8:22:28 AM  [Apache] 	improper privileges, a crash, or a shutdown by another method.
8:22:28 AM  [Apache] 	Press the Logs button to view error logs and check
8:22:28 AM  [Apache] 	the Windows Event Viewer for more clues
8:22:28 AM  [Apache] 	If you need more help, copy and post this
8:22:28 AM  [Apache] 	entire log window on the forums
8:22:29 AM  [Apache] 	Status change detected: running
8:24:28 AM  [Apache] 	Attempting to stop Apache service...
8:24:33 AM  [Apache] 	Status change detected: stopped
8:24:37 AM  [Apache] 	Attempting to start Apache service...
8:24:37 AM  [Apache] 	Status change detected: running
9:15:19 AM  [Apache] 	Status change detected: stopped
9:15:19 AM  [Apache] 	Error: Apache shutdown unexpectedly.
9:15:19 AM  [Apache] 	This may be due to a blocked port, missing dependencies, 
9:15:19 AM  [Apache] 	improper privileges, a crash, or a shutdown by another method.
9:15:19 AM  [Apache] 	Press the Logs button to view error logs and check
9:15:19 AM  [Apache] 	the Windows Event Viewer for more clues
9:15:19 AM  [Apache] 	If you need more help, copy and post this
9:15:19 AM  [Apache] 	entire log window on the forums
9:15:27 AM  [main] 	Deinitializing Modules
9:15:27 AM  [main] 	Deinitializing Control Panel

9:14:54 AM  [main] 	Initializing Control Panel
9:14:54 AM  [main] 	Windows Version: Windows 7 Professional SP1 64-bit
9:14:54 AM  [main] 	XAMPP Version: 5.6.24
9:14:54 AM  [main] 	Control Panel Version: 3.2.2  [ Compiled: Nov 12th 2015 ]
9:14:54 AM  [main] 	Running with Administrator rights - good!
9:14:54 AM  [main] 	XAMPP Installation Directory: "d:\xampp\"
9:14:54 AM  [main] 	Checking for prerequisites
9:14:54 AM  [main] 	All prerequisites found
9:14:54 AM  [main] 	Initializing Modules
9:14:54 AM  [Apache] 	Problem detected!
9:14:54 AM  [Apache] 	Port 80 in use by ""D:\xampp\apache\bin\httpd.exe" -k runservice" with PID 6152!
9:14:54 AM  [Apache] 	Apache WILL NOT start without the configured ports free!
9:14:54 AM  [Apache] 	You need to uninstall/disable/reconfigure the blocking application
9:14:54 AM  [Apache] 	or reconfigure Apache and the Control Panel to listen on a different port
9:14:54 AM  [Apache] 	Problem detected!
9:14:54 AM  [Apache] 	Port 443 in use by ""D:\xampp\apache\bin\httpd.exe" -k runservice" with PID 6152!
9:14:54 AM  [Apache] 	Apache WILL NOT start without the configured ports free!
9:14:54 AM  [Apache] 	You need to uninstall/disable/reconfigure the blocking application
9:14:54 AM  [Apache] 	or reconfigure Apache and the Control Panel to listen on a different port
9:14:54 AM  [mysql] 	XAMPP MySQL Service is already running on port 3306
9:14:54 AM  [main] 	Starting Check-Timer
9:14:54 AM  [main] 	Control Panel Ready
9:14:58 AM  [Apache] 	Installing service...
9:14:58 AM  [Apache] 	Service was NOT (un)installed!
9:15:00 AM  [Apache] 	Problem detected!
9:15:00 AM  [Apache] 	Port 80 in use by ""D:\xampp\apache\bin\httpd.exe" -k runservice" with PID 6152!
9:15:00 AM  [Apache] 	Apache WILL NOT start without the configured ports free!
9:15:00 AM  [Apache] 	You need to uninstall/disable/reconfigure the blocking application
9:15:00 AM  [Apache] 	or reconfigure Apache and the Control Panel to listen on a different port
9:15:00 AM  [Apache] 	Problem detected!
9:15:00 AM  [Apache] 	Port 443 in use by ""D:\xampp\apache\bin\httpd.exe" -k runservice" with PID 6152!
9:15:00 AM  [Apache] 	Apache WILL NOT start without the configured ports free!
9:15:00 AM  [Apache] 	You need to uninstall/disable/reconfigure the blocking application
9:15:00 AM  [Apache] 	or reconfigure Apache and the Control Panel to listen on a different port
9:15:00 AM  [Apache] 	Attempting to start Apache app...
9:15:00 AM  [Apache] 	Status change detected: running
9:15:01 AM  [Apache] 	Status change detected: stopped
9:15:01 AM  [Apache] 	Error: Apache shutdown unexpectedly.
9:15:01 AM  [Apache] 	This may be due to a blocked port, missing dependencies, 
9:15:01 AM  [Apache] 	improper privileges, a crash, or a shutdown by another method.
9:15:01 AM  [Apache] 	Press the Logs button to view error logs and check
9:15:01 AM  [Apache] 	the Windows Event Viewer for more clues
9:15:01 AM  [Apache] 	If you need more help, copy and post this
9:15:01 AM  [Apache] 	entire log window on the forums
9:15:03 AM  [Apache] 	Problem detected!
9:15:03 AM  [Apache] 	Port 80 in use by ""D:\xampp\apache\bin\httpd.exe" -k runservice" with PID 6152!
9:15:03 AM  [Apache] 	Apache WILL NOT start without the configured ports free!
9:15:03 AM  [Apache] 	You need to uninstall/disable/reconfigure the blocking application
9:15:03 AM  [Apache] 	or reconfigure Apache and the Control Panel to listen on a different port
9:15:03 AM  [Apache] 	Problem detected!
9:15:03 AM  [Apache] 	Port 443 in use by ""D:\xampp\apache\bin\httpd.exe" -k runservice" with PID 6152!
9:15:03 AM  [Apache] 	Apache WILL NOT start without the configured ports free!
9:15:03 AM  [Apache] 	You need to uninstall/disable/reconfigure the blocking application
9:15:03 AM  [Apache] 	or reconfigure Apache and the Control Panel to listen on a different port
9:15:03 AM  [Apache] 	Attempting to start Apache app...
9:15:03 AM  [Apache] 	Status change detected: running
9:15:04 AM  [Apache] 	Status change detected: stopped
9:15:04 AM  [Apache] 	Error: Apache shutdown unexpectedly.
9:15:04 AM  [Apache] 	This may be due to a blocked port, missing dependencies, 
9:15:04 AM  [Apache] 	improper privileges, a crash, or a shutdown by another method.
9:15:04 AM  [Apache] 	Press the Logs button to view error logs and check
9:15:04 AM  [Apache] 	the Windows Event Viewer for more clues
9:15:04 AM  [Apache] 	If you need more help, copy and post this
9:15:04 AM  [Apache] 	entire log window on the forums
9:15:43 AM  [Apache] 	Installing service...
9:15:44 AM  [Apache] 	Successful!
9:15:45 AM  [Apache] 	Attempting to start Apache service...
9:15:45 AM  [Apache] 	Status change detected: running
9:21:31 AM  [Apache] 	Attempting to stop Apache service...
9:21:38 AM  [Apache] 	Attempting to stop Apache service...
9:22:01 AM  [Apache] 	Status change detected: stopped
9:22:36 AM  [Apache] 	Attempting to start Apache service...
9:22:36 AM  [Apache] 	Status change detected: running
9:27:44 AM  [main] 	Deinitializing Modules
9:27:44 AM  [main] 	Deinitializing Control Panel

9:35:56 AM  [main] 	Initializing Control Panel
9:35:56 AM  [main] 	Windows Version: Windows 7 Professional SP1 64-bit
9:35:56 AM  [main] 	XAMPP Version: 5.6.24
9:35:56 AM  [main] 	Control Panel Version: 3.2.2  [ Compiled: Nov 12th 2015 ]
9:35:56 AM  [main] 	Running with Administrator rights - good!
9:35:56 AM  [main] 	XAMPP Installation Directory: "d:\xampp\"
9:35:56 AM  [main] 	Checking for prerequisites
9:35:56 AM  [main] 	All prerequisites found
9:35:56 AM  [main] 	Initializing Modules
9:35:56 AM  [Apache] 	XAMPP Apache Service is already running on port 80
9:35:56 AM  [Apache] 	XAMPP Apache Service is already running on port 443
9:35:56 AM  [mysql] 	XAMPP MySQL Service is already running on port 3306
9:35:56 AM  [main] 	Starting Check-Timer
9:35:56 AM  [main] 	Control Panel Ready
9:35:58 AM  [Apache] 	Attempting to stop Apache service...
9:36:00 AM  [Apache] 	Status change detected: stopped
9:36:01 AM  [Apache] 	Attempting to start Apache service...
9:36:02 AM  [Apache] 	Status change detected: running
10:02:49 AM  [main] 	Deinitializing Modules
10:02:49 AM  [main] 	Deinitializing Control Panel

8:46:53 AM  [main] 	Initializing Control Panel
8:46:53 AM  [main] 	Windows Version: Windows 7 Professional SP1 64-bit
8:46:53 AM  [main] 	XAMPP Version: 5.6.24
8:46:53 AM  [main] 	Control Panel Version: 3.2.2  [ Compiled: Nov 12th 2015 ]
8:46:53 AM  [main] 	Running with Administrator rights - good!
8:46:53 AM  [main] 	XAMPP Installation Directory: "d:\xampp\"
8:46:53 AM  [main] 	Checking for prerequisites
8:46:54 AM  [main] 	All prerequisites found
8:46:54 AM  [main] 	Initializing Modules
8:46:54 AM  [Apache] 	XAMPP Apache Service is already running on port 80
8:46:54 AM  [Apache] 	XAMPP Apache Service is already running on port 443
8:46:54 AM  [mysql] 	XAMPP MySQL Service is already running on port 3306
8:46:54 AM  [main] 	Starting Check-Timer
8:46:54 AM  [main] 	Control Panel Ready
8:46:55 AM  [Apache] 	Attempting to stop Apache service...
8:46:57 AM  [Apache] 	Status change detected: stopped
8:46:58 AM  [Apache] 	Attempting to start Apache service...
8:46:59 AM  [Apache] 	Status change detected: running
8:47:22 AM  [main] 	Deinitializing Modules
8:47:22 AM  [main] 	Deinitializing Control Panel

8:52:15 AM  [main] 	Initializing Control Panel
8:52:15 AM  [main] 	Windows Version: Windows 7 Professional SP1 64-bit
8:52:15 AM  [main] 	XAMPP Version: 5.6.24
8:52:15 AM  [main] 	Control Panel Version: 3.2.2  [ Compiled: Nov 12th 2015 ]
8:52:15 AM  [main] 	Running with Administrator rights - good!
8:52:15 AM  [main] 	XAMPP Installation Directory: "d:\xampp\"
8:52:15 AM  [main] 	Checking for prerequisites
8:52:15 AM  [main] 	All prerequisites found
8:52:15 AM  [main] 	Initializing Modules
8:52:15 AM  [Apache] 	XAMPP Apache Service is already running on port 80
8:52:15 AM  [Apache] 	XAMPP Apache Service is already running on port 443
8:52:15 AM  [mysql] 	XAMPP MySQL Service is already running on port 3306
8:52:15 AM  [main] 	Starting Check-Timer
8:52:15 AM  [main] 	Control Panel Ready
8:52:17 AM  [Apache] 	Attempting to stop Apache service...
8:52:20 AM  [Apache] 	Status change detected: stopped
8:52:21 AM  [Apache] 	Attempting to start Apache service...
8:52:21 AM  [Apache] 	Status change detected: running
8:58:37 AM  [main] 	Deinitializing Modules
8:58:37 AM  [main] 	Deinitializing Control Panel

2:26:54 PM  [main] 	Initializing Control Panel
2:26:54 PM  [main] 	Windows Version: Windows 7 Professional SP1 64-bit
2:26:54 PM  [main] 	XAMPP Version: 5.6.24
2:26:54 PM  [main] 	Control Panel Version: 3.2.2  [ Compiled: Nov 12th 2015 ]
2:26:54 PM  [main] 	Running with Administrator rights - good!
2:26:54 PM  [main] 	XAMPP Installation Directory: "d:\xampp\"
2:26:54 PM  [main] 	Checking for prerequisites
2:26:54 PM  [main] 	All prerequisites found
2:26:54 PM  [main] 	Initializing Modules
2:26:54 PM  [Apache] 	XAMPP Apache Service is already running on port 80
2:26:54 PM  [Apache] 	XAMPP Apache Service is already running on port 443
2:26:54 PM  [mysql] 	XAMPP MySQL Service is already running on port 3306
2:26:54 PM  [main] 	Starting Check-Timer
2:26:54 PM  [main] 	Control Panel Ready
2:26:55 PM  [Apache] 	Attempting to stop Apache service...
2:26:58 PM  [Apache] 	Status change detected: stopped
2:26:59 PM  [Apache] 	Attempting to start Apache service...
2:27:00 PM  [Apache] 	Status change detected: running
2:34:36 PM  [Apache] 	Attempting to stop Apache service...
2:34:38 PM  [Apache] 	Status change detected: stopped
2:34:39 PM  [Apache] 	Attempting to start Apache service...
2:34:39 PM  [Apache] 	Status change detected: running
2:35:13 PM  [Apache] 	Attempting to stop Apache service...
2:35:16 PM  [Apache] 	Status change detected: stopped
2:35:16 PM  [Apache] 	Attempting to start Apache service...
2:35:17 PM  [Apache] 	Status change detected: running
2:37:06 PM  [Apache] 	Attempting to stop Apache service...
2:37:09 PM  [Apache] 	Attempting to stop Apache service...
2:37:09 PM  [Apache] 	Status change detected: stopped
2:37:11 PM  [Apache] 	Attempting to start Apache service...
2:37:11 PM  [Apache] 	Status change detected: running
2:38:54 PM  [Apache] 	Attempting to stop Apache service...
2:38:56 PM  [Apache] 	Status change detected: stopped
2:38:57 PM  [Apache] 	Attempting to start Apache service...
2:38:57 PM  [Apache] 	Status change detected: running
2:42:13 PM  [main] 	Deinitializing Modules
2:42:13 PM  [main] 	Deinitializing Control Panel

8:57:47 AM  [main] 	Initializing Control Panel
8:57:47 AM  [main] 	Windows Version: Windows 7 Professional SP1 64-bit
8:57:47 AM  [main] 	XAMPP Version: 5.6.24
8:57:47 AM  [main] 	Control Panel Version: 3.2.2  [ Compiled: Nov 12th 2015 ]
8:57:47 AM  [main] 	Running with Administrator rights - good!
8:57:47 AM  [main] 	XAMPP Installation Directory: "d:\xampp\"
8:57:47 AM  [main] 	Checking for prerequisites
8:57:47 AM  [main] 	All prerequisites found
8:57:47 AM  [main] 	Initializing Modules
8:57:47 AM  [Apache] 	XAMPP Apache Service is already running on port 80
8:57:47 AM  [Apache] 	XAMPP Apache Service is already running on port 443
8:57:47 AM  [mysql] 	XAMPP MySQL Service is already running on port 3306
8:57:47 AM  [main] 	Starting Check-Timer
8:57:47 AM  [main] 	Control Panel Ready
8:57:49 AM  [Apache] 	Attempting to stop Apache service...
8:57:51 AM  [Apache] 	Status change detected: stopped
8:58:05 AM  [Apache] 	Attempting to start Apache service...
8:58:06 AM  [Apache] 	Status change detected: running
8:58:07 AM  [main] 	Deinitializing Modules
8:58:07 AM  [main] 	Deinitializing Control Panel

10:53:28 AM  [main] 	Initializing Control Panel
10:53:28 AM  [main] 	Windows Version: Windows 7 Professional SP1 64-bit
10:53:28 AM  [main] 	XAMPP Version: 5.6.24
10:53:28 AM  [main] 	Control Panel Version: 3.2.2  [ Compiled: Nov 12th 2015 ]
10:53:28 AM  [main] 	Running with Administrator rights - good!
10:53:28 AM  [main] 	XAMPP Installation Directory: "d:\xampp\"
10:53:28 AM  [main] 	Checking for prerequisites
10:53:29 AM  [main] 	All prerequisites found
10:53:29 AM  [main] 	Initializing Modules
10:53:29 AM  [Apache] 	XAMPP Apache Service is already running on port 80
10:53:29 AM  [Apache] 	XAMPP Apache Service is already running on port 443
10:53:29 AM  [mysql] 	XAMPP MySQL Service is already running on port 3306
10:53:29 AM  [main] 	Starting Check-Timer
10:53:29 AM  [main] 	Control Panel Ready
10:53:30 AM  [Apache] 	Attempting to stop Apache service...
10:53:33 AM  [Apache] 	Status change detected: stopped
10:53:33 AM  [Apache] 	Attempting to start Apache service...
10:53:34 AM  [Apache] 	Status change detected: running
10:53:35 AM  [main] 	Deinitializing Modules
10:53:35 AM  [main] 	Deinitializing Control Panel

10:55:21 AM  [main] 	Initializing Control Panel
10:55:21 AM  [main] 	Windows Version: Windows 7 Professional SP1 64-bit
10:55:21 AM  [main] 	XAMPP Version: 5.6.24
10:55:21 AM  [main] 	Control Panel Version: 3.2.2  [ Compiled: Nov 12th 2015 ]
10:55:21 AM  [main] 	Running with Administrator rights - good!
10:55:21 AM  [main] 	XAMPP Installation Directory: "d:\xampp\"
10:55:21 AM  [main] 	Checking for prerequisites
10:55:21 AM  [main] 	All prerequisites found
10:55:21 AM  [main] 	Initializing Modules
10:55:21 AM  [Apache] 	XAMPP Apache Service is already running on port 80
10:55:21 AM  [Apache] 	XAMPP Apache Service is already running on port 443
10:55:21 AM  [mysql] 	XAMPP MySQL Service is already running on port 3306
10:55:21 AM  [main] 	Starting Check-Timer
10:55:21 AM  [main] 	Control Panel Ready
10:55:23 AM  [Apache] 	Attempting to stop Apache service...
10:55:25 AM  [Apache] 	Status change detected: stopped
10:55:27 AM  [Apache] 	Attempting to start Apache service...
10:55:27 AM  [Apache] 	Status change detected: running
5:07:06 PM  [main] 	Deinitializing Modules
5:07:06 PM  [main] 	Deinitializing Control Panel

2:22:08 PM  [main] 	Initializing Control Panel
2:22:08 PM  [main] 	Windows Version: Windows 7 Professional SP1 64-bit
2:22:08 PM  [main] 	XAMPP Version: 5.6.24
2:22:08 PM  [main] 	Control Panel Version: 3.2.2  [ Compiled: Nov 12th 2015 ]
2:22:08 PM  [main] 	Running with Administrator rights - good!
2:22:08 PM  [main] 	XAMPP Installation Directory: "d:\xampp\"
2:22:08 PM  [main] 	Checking for prerequisites
2:22:08 PM  [main] 	All prerequisites found
2:22:08 PM  [main] 	Initializing Modules
2:22:08 PM  [Apache] 	XAMPP Apache Service is already running on port 80
2:22:08 PM  [Apache] 	XAMPP Apache Service is already running on port 443
2:22:08 PM  [mysql] 	XAMPP MySQL Service is already running on port 3306
2:22:08 PM  [main] 	Starting Check-Timer
2:22:08 PM  [main] 	Control Panel Ready
2:22:10 PM  [Apache] 	Attempting to stop Apache service...
2:22:12 PM  [Apache] 	Status change detected: stopped
2:22:13 PM  [Apache] 	Attempting to start Apache service...
2:22:13 PM  [Apache] 	Status change detected: running
2:23:04 PM  [Apache] 	Attempting to stop Apache service...
2:23:07 PM  [Apache] 	Status change detected: stopped
2:23:07 PM  [Apache] 	Attempting to start Apache service...
2:23:08 PM  [Apache] 	Status change detected: running
2:26:15 PM  [Apache] 	Attempting to stop Apache service...
2:26:20 PM  [Apache] 	Status change detected: stopped
2:26:21 PM  [Apache] 	Attempting to start Apache service...
2:26:21 PM  [Apache] 	Status change detected: running
2:27:42 PM  [Apache] 	Attempting to stop Apache service...
2:27:45 PM  [Apache] 	Status change detected: stopped
2:27:45 PM  [Apache] 	Attempting to start Apache service...
2:27:46 PM  [Apache] 	Status change detected: running
2:28:57 PM  [main] 	Deinitializing Modules
2:28:57 PM  [main] 	Deinitializing Control Panel

8:38:55 AM  [main] 	Initializing Control Panel
8:38:55 AM  [main] 	Windows Version: Windows 7 Professional SP1 64-bit
8:38:55 AM  [main] 	XAMPP Version: 5.6.24
8:38:55 AM  [main] 	Control Panel Version: 3.2.2  [ Compiled: Nov 12th 2015 ]
8:38:55 AM  [main] 	Running with Administrator rights - good!
8:38:55 AM  [main] 	XAMPP Installation Directory: "d:\xampp\"
8:38:55 AM  [main] 	Checking for prerequisites
8:38:55 AM  [main] 	All prerequisites found
8:38:55 AM  [main] 	Initializing Modules
8:38:55 AM  [Apache] 	XAMPP Apache Service is already running on port 80
8:38:55 AM  [Apache] 	XAMPP Apache Service is already running on port 443
8:38:55 AM  [main] 	Starting Check-Timer
8:38:55 AM  [main] 	Control Panel Ready
8:38:57 AM  [Apache] 	Attempting to stop Apache service...
8:39:00 AM  [Apache] 	Status change detected: stopped
8:39:01 AM  [Apache] 	Attempting to start Apache service...
8:39:01 AM  [Apache] 	Status change detected: running
8:39:05 AM  [main] 	Deinitializing Modules
8:39:05 AM  [main] 	Deinitializing Control Panel

8:39:26 AM  [main] 	Initializing Control Panel
8:39:26 AM  [main] 	Windows Version: Windows 7 Professional SP1 64-bit
8:39:26 AM  [main] 	XAMPP Version: 5.6.24
8:39:26 AM  [main] 	Control Panel Version: 3.2.2  [ Compiled: Nov 12th 2015 ]
8:39:26 AM  [main] 	Running with Administrator rights - good!
8:39:26 AM  [main] 	XAMPP Installation Directory: "d:\xampp\"
8:39:26 AM  [main] 	Checking for prerequisites
8:39:26 AM  [main] 	All prerequisites found
8:39:26 AM  [main] 	Initializing Modules
8:39:26 AM  [Apache] 	XAMPP Apache Service is already running on port 80
8:39:26 AM  [Apache] 	XAMPP Apache Service is already running on port 443
8:39:26 AM  [main] 	Starting Check-Timer
8:39:26 AM  [main] 	Control Panel Ready
8:42:24 AM  [Apache] 	Attempting to stop Apache service...
8:42:27 AM  [Apache] 	Status change detected: stopped
8:42:27 AM  [Apache] 	Attempting to start Apache service...
8:42:28 AM  [Apache] 	Status change detected: running
8:42:41 AM  [main] 	Deinitializing Modules
8:42:41 AM  [main] 	Deinitializing Control Panel

9:05:21 AM  [main] 	Initializing Control Panel
9:05:21 AM  [main] 	Windows Version: Windows 7 Professional SP1 64-bit
9:05:21 AM  [main] 	XAMPP Version: 5.6.24
9:05:21 AM  [main] 	Control Panel Version: 3.2.2  [ Compiled: Nov 12th 2015 ]
9:05:21 AM  [main] 	Running with Administrator rights - good!
9:05:21 AM  [main] 	XAMPP Installation Directory: "d:\xampp\"
9:05:21 AM  [main] 	Checking for prerequisites
9:05:21 AM  [main] 	All prerequisites found
9:05:21 AM  [main] 	Initializing Modules
9:05:21 AM  [Apache] 	XAMPP Apache Service is already running on port 80
9:05:21 AM  [Apache] 	XAMPP Apache Service is already running on port 443
9:05:21 AM  [mysql] 	XAMPP MySQL Service is already running on port 3306
9:05:21 AM  [main] 	Starting Check-Timer
9:05:21 AM  [main] 	Control Panel Ready
9:05:23 AM  [Apache] 	Attempting to stop Apache service...
9:05:26 AM  [Apache] 	Status change detected: stopped
9:05:27 AM  [Apache] 	Attempting to start Apache service...
9:05:28 AM  [Apache] 	Status change detected: running
9:08:59 AM  [Apache] 	Attempting to stop Apache service...
9:09:02 AM  [Apache] 	Status change detected: stopped
9:09:14 AM  [Apache] 	Attempting to start Apache service...
9:09:14 AM  [Apache] 	Status change detected: running
9:20:03 AM  [main] 	Deinitializing Modules
9:20:03 AM  [main] 	Deinitializing Control Panel

9:32:24 AM  [main] 	Initializing Control Panel
9:32:24 AM  [main] 	Windows Version: Windows 7 Professional SP1 64-bit
9:32:24 AM  [main] 	XAMPP Version: 5.6.24
9:32:24 AM  [main] 	Control Panel Version: 3.2.2  [ Compiled: Nov 12th 2015 ]
9:32:24 AM  [main] 	Running with Administrator rights - good!
9:32:24 AM  [main] 	XAMPP Installation Directory: "d:\xampp\"
9:32:24 AM  [main] 	Checking for prerequisites
9:32:24 AM  [main] 	All prerequisites found
9:32:24 AM  [main] 	Initializing Modules
9:32:24 AM  [Apache] 	XAMPP Apache Service is already running on port 80
9:32:24 AM  [Apache] 	XAMPP Apache Service is already running on port 443
9:32:24 AM  [mysql] 	XAMPP MySQL Service is already running on port 3306
9:32:24 AM  [main] 	Starting Check-Timer
9:32:24 AM  [main] 	Control Panel Ready
9:32:26 AM  [Apache] 	Attempting to stop Apache service...
9:32:29 AM  [Apache] 	Status change detected: stopped
9:32:29 AM  [Apache] 	Attempting to start Apache service...
9:32:30 AM  [Apache] 	Status change detected: running
9:32:31 AM  [main] 	Deinitializing Modules
9:32:31 AM  [main] 	Deinitializing Control Panel

9:48:29 AM  [main] 	Initializing Control Panel
9:48:29 AM  [main] 	Windows Version: Windows 7 Professional SP1 64-bit
9:48:29 AM  [main] 	XAMPP Version: 5.6.24
9:48:29 AM  [main] 	Control Panel Version: 3.2.2  [ Compiled: Nov 12th 2015 ]
9:48:29 AM  [main] 	Running with Administrator rights - good!
9:48:29 AM  [main] 	XAMPP Installation Directory: "d:\xampp\"
9:48:29 AM  [main] 	Checking for prerequisites
9:48:29 AM  [main] 	All prerequisites found
9:48:29 AM  [main] 	Initializing Modules
9:48:29 AM  [Apache] 	XAMPP Apache Service is already running on port 80
9:48:29 AM  [Apache] 	XAMPP Apache Service is already running on port 443
9:48:29 AM  [mysql] 	XAMPP MySQL Service is already running on port 3306
9:48:29 AM  [main] 	Starting Check-Timer
9:48:29 AM  [main] 	Control Panel Ready
9:48:35 AM  [Apache] 	Attempting to stop Apache service...
9:48:37 AM  [Apache] 	Status change detected: stopped
9:48:38 AM  [Apache] 	Attempting to start Apache service...
9:48:39 AM  [Apache] 	Status change detected: running
10:16:28 AM  [main] 	Deinitializing Modules
10:16:28 AM  [main] 	Deinitializing Control Panel

2:23:29 PM  [main] 	Initializing Control Panel
2:23:29 PM  [main] 	Windows Version: Windows 7 Professional SP1 64-bit
2:23:29 PM  [main] 	XAMPP Version: 5.6.24
2:23:29 PM  [main] 	Control Panel Version: 3.2.2  [ Compiled: Nov 12th 2015 ]
2:23:29 PM  [main] 	Running with Administrator rights - good!
2:23:29 PM  [main] 	XAMPP Installation Directory: "d:\xampp\"
2:23:29 PM  [main] 	Checking for prerequisites
2:23:29 PM  [main] 	All prerequisites found
2:23:29 PM  [main] 	Initializing Modules
2:23:29 PM  [Apache] 	XAMPP Apache Service is already running on port 80
2:23:29 PM  [Apache] 	XAMPP Apache Service is already running on port 443
2:23:29 PM  [mysql] 	XAMPP MySQL Service is already running on port 3306
2:23:29 PM  [main] 	Starting Check-Timer
2:23:29 PM  [main] 	Control Panel Ready
2:23:31 PM  [Apache] 	Attempting to stop Apache service...
2:23:36 PM  [Apache] 	Status change detected: stopped
2:23:37 PM  [Apache] 	Attempting to start Apache service...
2:23:37 PM  [Apache] 	Status change detected: running
2:23:38 PM  [main] 	Deinitializing Modules
2:23:38 PM  [main] 	Deinitializing Control Panel

9:03:03 AM  [main] 	Initializing Control Panel
9:03:03 AM  [main] 	Windows Version: Windows 7 Professional SP1 64-bit
9:03:03 AM  [main] 	XAMPP Version: 5.6.24
9:03:03 AM  [main] 	Control Panel Version: 3.2.2  [ Compiled: Nov 12th 2015 ]
9:03:03 AM  [main] 	Running with Administrator rights - good!
9:03:03 AM  [main] 	XAMPP Installation Directory: "d:\xampp\"
9:03:03 AM  [main] 	Checking for prerequisites
9:03:03 AM  [main] 	All prerequisites found
9:03:03 AM  [main] 	Initializing Modules
9:03:03 AM  [Apache] 	XAMPP Apache Service is already running on port 80
9:03:03 AM  [Apache] 	XAMPP Apache Service is already running on port 443
9:03:03 AM  [mysql] 	XAMPP MySQL Service is already running on port 3306
9:03:03 AM  [main] 	Starting Check-Timer
9:03:03 AM  [main] 	Control Panel Ready
9:03:05 AM  [Apache] 	Attempting to stop Apache service...
9:03:07 AM  [Apache] 	Status change detected: stopped
9:03:08 AM  [Apache] 	Attempting to start Apache service...
9:03:09 AM  [Apache] 	Status change detected: running
9:10:39 AM  [main] 	Deinitializing Modules
9:10:39 AM  [main] 	Deinitializing Control Panel

